<?xml version="1.0" encoding="UTF-8"?>
<testng-results skipped="0" failed="0" ignored="0" total="1" passed="1">
  <reporter-output>
  </reporter-output>
  <suite name="Default suite" duration-ms="9846" started-at="2018-05-10T17:58:33Z" finished-at="2018-05-10T17:58:43Z">
    <groups>
      <group name="cucumber">
        <method signature="AbstractTestNGCucumberTests.feature(cucumber.api.testng.CucumberFeatureWrapper)[pri:0, instance:testRunner.Runner@47ef968d]" name="feature" class="cucumber.api.testng.AbstractTestNGCucumberTests"/>
      </group> <!-- cucumber -->
    </groups>
    <test name="Default test" duration-ms="9846" started-at="2018-05-10T17:58:33Z" finished-at="2018-05-10T17:58:43Z">
      <class name="testRunner.Runner">
        <test-method status="PASS" signature="setUpClass()[pri:0, instance:testRunner.Runner@47ef968d]" name="setUpClass" is-config="true" duration-ms="218" started-at="2018-05-10T13:58:33Z" finished-at="2018-05-10T13:58:33Z">
          <reporter-output>
          </reporter-output>
        </test-method> <!-- setUpClass -->
        <test-method status="PASS" signature="feature(cucumber.api.testng.CucumberFeatureWrapper)[pri:0, instance:testRunner.Runner@47ef968d]" name="feature" duration-ms="9501" started-at="2018-05-10T13:58:33Z" description="Runs Cucumber Feature" data-provider="features" finished-at="2018-05-10T13:58:43Z">
          <params>
            <param index="0">
              <value>
                <![CDATA[Reset functionality on login page of Application]]>
              </value>
            </param>
          </params>
          <reporter-output>
          </reporter-output>
        </test-method> <!-- feature -->
        <test-method status="PASS" signature="tearDownClass()[pri:0, instance:testRunner.Runner@47ef968d]" name="tearDownClass" is-config="true" duration-ms="5" started-at="2018-05-10T13:58:43Z" finished-at="2018-05-10T13:58:43Z">
          <reporter-output>
          </reporter-output>
        </test-method> <!-- tearDownClass -->
      </class> <!-- testRunner.Runner -->
    </test> <!-- Default test -->
  </suite> <!-- Default suite -->
</testng-results>
